<?xml version="1.0" encoding="UTF-8"?>
<testng-results ignored="0" total="1" passed="1" failed="0" skipped="0">
  <reporter-output>
  </reporter-output>
  <suite started-at="2024-06-24T20:20:45 PKT" name="Default suite" finished-at="2024-06-24T20:20:49 PKT" duration-ms="4329">
    <groups>
    </groups>
    <test started-at="2024-06-24T20:20:45 PKT" name="Default test" finished-at="2024-06-24T20:20:49 PKT" duration-ms="4329">
      <class name="file.DynamicJson">
        <test-method signature="addBook()[pri:0, instance:file.DynamicJson@29d89d5d]" started-at="2024-06-24T20:20:45 PKT" name="addBook" finished-at="2024-06-24T20:20:49 PKT" duration-ms="4271" status="PASS">
          <reporter-output>
          </reporter-output>
        </test-method> <!-- addBook -->
      </class> <!-- file.DynamicJson -->
    </test> <!-- Default test -->
  </suite> <!-- Default suite -->
</testng-results>
