<?xml version="1.0" encoding="UTF-8"?>
<testng-results ignored="0" total="3" passed="3" failed="0" skipped="0">
  <reporter-output>
  </reporter-output>
  <suite started-at="2024-06-28T11:59:29 PKT" name="Default suite" finished-at="2024-06-28T11:59:35 PKT" duration-ms="5443">
    <groups>
    </groups>
    <test started-at="2024-06-28T11:59:29 PKT" name="Default test" finished-at="2024-06-28T11:59:35 PKT" duration-ms="5443">
      <class name="file.DynamicJson">
        <test-method signature="addBook(java.lang.String,java.lang.String)[pri:0, instance:file.DynamicJson@7a419da4]" started-at="2024-06-28T11:59:29 PKT" name="addBook" data-provider="BooksData" finished-at="2024-06-28T11:59:33 PKT" duration-ms="3926" status="PASS">
          <params>
            <param index="0">
              <value>
                <![CDATA[bcesssas]]>
              </value>
            </param>
            <param index="1">
              <value>
                <![CDATA[2212112]]>
              </value>
            </param>
          </params>
          <reporter-output>
          </reporter-output>
        </test-method> <!-- addBook -->
        <test-method signature="addBook(java.lang.String,java.lang.String)[pri:0, instance:file.DynamicJson@7a419da4]" started-at="2024-06-28T11:59:33 PKT" name="addBook" data-provider="BooksData" finished-at="2024-06-28T11:59:34 PKT" duration-ms="776" status="PASS">
          <params>
            <param index="0">
              <value>
                <![CDATA[bssecss]]>
              </value>
            </param>
            <param index="1">
              <value>
                <![CDATA[2122112]]>
              </value>
            </param>
          </params>
          <reporter-output>
          </reporter-output>
        </test-method> <!-- addBook -->
        <test-method signature="addBook(java.lang.String,java.lang.String)[pri:0, instance:file.DynamicJson@7a419da4]" started-at="2024-06-28T11:59:34 PKT" name="addBook" data-provider="BooksData" finished-at="2024-06-28T11:59:35 PKT" duration-ms="692" status="PASS">
          <params>
            <param index="0">
              <value>
                <![CDATA[bcaesss]]>
              </value>
            </param>
            <param index="1">
              <value>
                <![CDATA[2222112]]>
              </value>
            </param>
          </params>
          <reporter-output>
          </reporter-output>
        </test-method> <!-- addBook -->
      </class> <!-- file.DynamicJson -->
    </test> <!-- Default test -->
  </suite> <!-- Default suite -->
</testng-results>
